<?xml version="1.0" encoding="UTF-8"?>
<testsuite xmlns:xsi="http://www.w3.org/2001/XMLSchema-instance" xsi:noNamespaceSchemaLocation="https://maven.apache.org/surefire/maven-surefire-plugin/xsd/surefire-test-report.xsd" name="TestSuite" time="0.605" tests="17" errors="0" skipped="0" failures="0">
  <properties>
[...]
</properties>
  <testcase name="test1" classname="TestArchive.TestArchive" time="0.011"/>
  <testcase name="test11" classname="TestArchive.TestArchive" time="0"/>
  <testcase name="test12" classname="TestArchive.TestArchive" time="0"/>
  <testcase name="test13" classname="TestArchive.TestArchive" time="0"/>
  <testcase name="test14" classname="TestArchive.TestArchive" time="0"/>
  <testcase name="test15" classname="TestArchive.TestArchive" time="0"/>
  <testcase name="test16" classname="TestArchive.TestArchive" time="0"/>
  <testcase name="test17" classname="TestArchive.TestArchive" time="0"/>
  <testcase name="test18" classname="TestArchive.TestArchive" time="0"/>
  <testcase name="test19" classname="TestArchive.TestArchive" time="0"/>
  <testcase name="test2" classname="TestArchive.TestArchive" time="0"/>
  <testcase name="test3" classname="TestArchive.TestArchive" time="0"/>
  <testcase name="test4" classname="TestArchive.TestArchive" time="0"/>
  <testcase name="test5" classname="TestArchive.TestArchive" time="0"/>
  <testcase name="test6" classname="TestArchive.TestArchive" time="0"/>
  <testcase name="test7" classname="TestArchive.TestArchive" time="0"/>
  <testcase name="test8" classname="TestArchive.TestArchive" time="0"/>
</testsuite>