<?xml version="1.0" encoding="UTF-8"?>
<testng-results skipped="0" failed="0" total="17" passed="17">
  <reporter-output>
  </reporter-output>
  <suite name="WebSite Suite" duration-ms="26" started-at="2021-04-27T05:12:41Z" finished-at="2021-04-27T05:12:41Z">
    <groups>
    </groups>
    <test name="Simple test" duration-ms="26" started-at="2021-04-27T05:12:41Z" finished-at="2021-04-27T05:12:41Z">
      <class name="TestArchive.TestArchive">
        <test-method status="PASS" signature="test1()[pri:0, instance:TestArchive.TestArchive@1cd072a9]" name="test1" duration-ms="11" started-at="2021-04-27T08:12:41Z" finished-at="2021-04-27T08:12:41Z">
          <reporter-output>
          </reporter-output>
        </test-method> <!-- test1 -->
        <test-method status="PASS" signature="test11()[pri:0, instance:TestArchive.TestArchive@1cd072a9]" name="test11" duration-ms="0" started-at="2021-04-27T08:12:41Z" finished-at="2021-04-27T08:12:41Z">
          <reporter-output>
          </reporter-output>
        </test-method> <!-- test11 -->
        <test-method status="PASS" signature="test12()[pri:0, instance:TestArchive.TestArchive@1cd072a9]" name="test12" duration-ms="0" started-at="2021-04-27T08:12:41Z" finished-at="2021-04-27T08:12:41Z">
          <reporter-output>
          </reporter-output>
        </test-method> <!-- test12 -->
        <test-method status="PASS" signature="test15()[pri:0, instance:TestArchive.TestArchive@1cd072a9]" name="test15" duration-ms="0" started-at="2021-04-27T08:12:41Z" finished-at="2021-04-27T08:12:41Z">
          <reporter-output>
          </reporter-output>
        </test-method> <!-- test15 -->
        <test-method status="PASS" signature="test13()[pri:0, instance:TestArchive.TestArchive@1cd072a9]" name="test13" duration-ms="0" started-at="2021-04-27T08:12:41Z" finished-at="2021-04-27T08:12:41Z">
          <reporter-output>
          </reporter-output>
        </test-method> <!-- test13 -->
        <test-method status="PASS" signature="test14()[pri:0, instance:TestArchive.TestArchive@1cd072a9]" name="test14" duration-ms="0" started-at="2021-04-27T08:12:41Z" finished-at="2021-04-27T08:12:41Z">
          <reporter-output>
          </reporter-output>
        </test-method> <!-- test14 -->
        <test-method status="PASS" signature="test16()[pri:0, instance:TestArchive.TestArchive@1cd072a9]" name="test16" duration-ms="1" started-at="2021-04-27T08:12:41Z" finished-at="2021-04-27T08:12:41Z">
          <reporter-output>
          </reporter-output>
        </test-method> <!-- test16 -->
        <test-method status="PASS" signature="test18()[pri:0, instance:TestArchive.TestArchive@1cd072a9]" name="test18" duration-ms="0" started-at="2021-04-27T08:12:41Z" finished-at="2021-04-27T08:12:41Z">
          <reporter-output>
          </reporter-output>
        </test-method> <!-- test18 -->
        <test-method status="PASS" signature="test17()[pri:0, instance:TestArchive.TestArchive@1cd072a9]" name="test17" duration-ms="0" started-at="2021-04-27T08:12:41Z" finished-at="2021-04-27T08:12:41Z">
          <reporter-output>
          </reporter-output>
        </test-method> <!-- test17 -->
        <test-method status="PASS" signature="test19()[pri:0, instance:TestArchive.TestArchive@1cd072a9]" name="test19" duration-ms="0" started-at="2021-04-27T08:12:41Z" finished-at="2021-04-27T08:12:41Z">
          <reporter-output>
          </reporter-output>
        </test-method> <!-- test19 -->
        <test-method status="PASS" signature="test2()[pri:0, instance:TestArchive.TestArchive@1cd072a9]" name="test2" duration-ms="1" started-at="2021-04-27T08:12:41Z" finished-at="2021-04-27T08:12:41Z">
          <reporter-output>
          </reporter-output>
        </test-method> <!-- test2 -->
        <test-method status="PASS" signature="test3()[pri:0, instance:TestArchive.TestArchive@1cd072a9]" name="test3" duration-ms="0" started-at="2021-04-27T08:12:41Z" finished-at="2021-04-27T08:12:41Z">
          <reporter-output>
          </reporter-output>
        </test-method> <!-- test3 -->
        <test-method status="PASS" signature="test4()[pri:0, instance:TestArchive.TestArchive@1cd072a9]" name="test4" duration-ms="1" started-at="2021-04-27T08:12:41Z" finished-at="2021-04-27T08:12:41Z">
          <reporter-output>
          </reporter-output>
        </test-method> <!-- test4 -->
        <test-method status="PASS" signature="test6()[pri:0, instance:TestArchive.TestArchive@1cd072a9]" name="test6" duration-ms="0" started-at="2021-04-27T08:12:41Z" finished-at="2021-04-27T08:12:41Z">
          <reporter-output>
          </reporter-output>
        </test-method> <!-- test6 -->
        <test-method status="PASS" signature="test7()[pri:0, instance:TestArchive.TestArchive@1cd072a9]" name="test7" duration-ms="1" started-at="2021-04-27T08:12:41Z" finished-at="2021-04-27T08:12:41Z">
          <reporter-output>
          </reporter-output>
        </test-method> <!-- test7 -->
        <test-method status="PASS" signature="test5()[pri:0, instance:TestArchive.TestArchive@1cd072a9]" name="test5" duration-ms="0" started-at="2021-04-27T08:12:41Z" finished-at="2021-04-27T08:12:41Z">
          <reporter-output>
          </reporter-output>
        </test-method> <!-- test5 -->
        <test-method status="PASS" signature="test8()[pri:0, instance:TestArchive.TestArchive@1cd072a9]" name="test8" duration-ms="0" started-at="2021-04-27T08:12:41Z" finished-at="2021-04-27T08:12:41Z">
          <reporter-output>
          </reporter-output>
        </test-method> <!-- test8 -->
      </class> <!-- TestArchive.TestArchive -->
    </test> <!-- Simple test -->
  </suite> <!-- WebSite Suite -->
</testng-results>
